#
# A fatal error has been detected by the Java Runtime Environment:
#
#  EXCEPTION_ACCESS_VIOLATION (0xc0000005) at pc=0x0000000077898ad5, pid=2792, tid=5360
#
# JRE version: Java(TM) SE Runtime Environment (8.0_71-b15) (build 1.8.0_71-b15)
# Java VM: Java HotSpot(TM) 64-Bit Server VM (25.71-b15 mixed mode windows-amd64 compressed oops)
# Problematic frame:
# V  [jvm.dll+0x128ad5]
#
# Failed to write core dump. Minidumps are not enabled by default on client versions of Windows
#
# If you would like to submit a bug report, please visit:
#   http://bugreport.java.com/bugreport/crash.jsp
#

---------------  T H R E A D  ---------------

Current thread (0x0000000019fb2000):  JavaThread "JDWP Transport Listener: dt_socket" daemon [_thread_in_vm, id=5360, stack(0x000000001a8c0000,0x000000001a9c0000)]

siginfo: ExceptionCode=0xc0000005, reading address 0xffffffffffffffff

Registers:
RAX=0x000000001a9bf301, RBX=0x0000000019fb2000, RCX=0xaef05a0000010100, RDX=0x0000000000000000
RSP=0x000000001a9bf2d0, RBP=0xaef05a0000010100, RSI=0x000000001a9bf3e8, RDI=0x0000000002dc8700
R8 =0x0000000019fb2000, R9 =0x0000000000008000, R10=0x0000000000000000, R11=0x000000001baba28f
R12=0x0000000000000000, R13=0x0000000019fbbdd8, R14=0x0000000000000000, R15=0x0000000000000000
RIP=0x0000000077898ad5, EFLAGS=0x0000000000010286

Top of Stack: (sp=0x000000001a9bf2d0)
0x000000001a9bf2d0:   0000000019fb2000 0000000019fb2000
0x000000001a9bf2e0:   000000001a9bf398 0000000077a9e34b
0x000000001a9bf2f0:   0000000019fb2000 0000000077ababad
0x000000001a9bf300:   0000000000000000 0000000050ba9155
0x000000001a9bf310:   000000001b9f52d0 0000000050bb291e
0x000000001a9bf320:   0000000019fb2000 0000000000000000
0x000000001a9bf330:   0000000000000000 0000000000000000
0x000000001a9bf340:   aef05a0000010100 0000000050bb1a15
0x000000001a9bf350:   000000001a9bf3e8 000000001a9bf3c0
0x000000001a9bf360:   0000000000000001 000000001b9f52d0
0x000000001a9bf370:   aef05a0000010100 0000000050b953b3
0x000000001a9bf380:   000000001a9bf4b0 0000000000000001
0x000000001a9bf390:   0000000000000001 000000001b9f52d0
0x000000001a9bf3a0:   0000000000000009 0000000000000000
0x000000001a9bf3b0:   0000000000000000 0000000000000000
0x000000001a9bf3c0:   0000000000000001 0000000050b95571 

Instructions: (pc=0x0000000077898ad5)
0x0000000077898ab5:   cc cc cc cc cc cc cc cc cc cc cc 48 83 ec 28 48
0x0000000077898ac5:   85 c9 75 07 33 c0 48 83 c4 28 c3 48 89 5c 24 20
0x0000000077898ad5:   48 8b 19 48 85 db 74 20 48 83 fb 37 74 1a 48 8b
0x0000000077898ae5:   13 48 8b cb ff 52 10 84 c0 74 0d 48 8b c3 48 8b 


Register to memory mapping:

RAX=0x000000001a9bf301 is pointing into the stack for thread: 0x0000000019fb2000
RBX=0x0000000019fb2000 is a thread
RCX=0xaef05a0000010100 is an unknown value
RDX=0x0000000000000000 is an unknown value
RSP=0x000000001a9bf2d0 is pointing into the stack for thread: 0x0000000019fb2000
RBP=0xaef05a0000010100 is an unknown value
RSI=0x000000001a9bf3e8 is pointing into the stack for thread: 0x0000000019fb2000
RDI=0x0000000002dc8700 is an unknown value
R8 =0x0000000019fb2000 is a thread
R9 =0x0000000000008000 is an unknown value
R10=0x0000000000000000 is an unknown value
R11=0x000000001baba28f is an unknown value
R12=0x0000000000000000 is an unknown value
R13=0x0000000019fbbdd8 is an unknown value
R14=0x0000000000000000 is an unknown value
R15=0x0000000000000000 is an unknown value


Stack: [0x000000001a8c0000,0x000000001a9c0000],  sp=0x000000001a9bf2d0,  free space=1020k
Native frames: (J=compiled Java code, j=interpreted, Vv=VM code, C=native code)
V  [jvm.dll+0x128ad5]
V  [jvm.dll+0x34abad]
C  [jdwp.dll+0x21a15]
C  [jdwp.dll+0x53b3]
C  [jdwp.dll+0x5571]
C  [jdwp.dll+0xf0a8]
C  [jdwp.dll+0x1f2d5]
C  [jdwp.dll+0x1f4aa]
V  [jvm.dll+0x1bbb58]
V  [jvm.dll+0x243234]
V  [jvm.dll+0x29a10a]
C  [msvcr100.dll+0x21d9f]
C  [msvcr100.dll+0x21e3b]
C  [KERNEL32.DLL+0x8364]
C  [ntdll.dll+0x670d1]


---------------  P R O C E S S  ---------------

Java Threads: ( => current thread )
  0x000000001bad9000 JavaThread "Abandoned connection cleanup thread" daemon [_thread_blocked, id=2492, stack(0x000000001cf90000,0x000000001d090000)]
  0x000000001b7bb800 JavaThread "TimerQueue" daemon [_thread_blocked, id=8528, stack(0x000000001cc90000,0x000000001cd90000)]
  0x0000000002dd2800 JavaThread "DestroyJavaVM" [_thread_blocked, id=3160, stack(0x0000000002c00000,0x0000000002d00000)]
  0x000000001b6d8800 JavaThread "AWT-EventQueue-0" [_thread_blocked, id=11508, stack(0x000000001c160000,0x000000001c260000)]
  0x000000001b703800 JavaThread "AWT-Windows" daemon [_thread_in_native, id=12868, stack(0x000000001bfa0000,0x000000001c0a0000)]
  0x000000001b6fa000 JavaThread "AWT-Shutdown" [_thread_blocked, id=11920, stack(0x000000001bea0000,0x000000001bfa0000)]
  0x000000001b6f9800 JavaThread "Java2D Disposer" daemon [_thread_blocked, id=12656, stack(0x000000001bda0000,0x000000001bea0000)]
  0x000000001a063800 JavaThread "Service Thread" daemon [_thread_blocked, id=4236, stack(0x000000001afc0000,0x000000001b0c0000)]
  0x0000000019fe2800 JavaThread "C1 CompilerThread3" daemon [_thread_blocked, id=5832, stack(0x000000001aec0000,0x000000001afc0000)]
  0x0000000019fd8800 JavaThread "C2 CompilerThread2" daemon [_thread_blocked, id=13044, stack(0x000000001adc0000,0x000000001aec0000)]
  0x0000000019fd8000 JavaThread "C2 CompilerThread1" daemon [_thread_blocked, id=5324, stack(0x000000001acc0000,0x000000001adc0000)]
  0x0000000019fd2000 JavaThread "C2 CompilerThread0" daemon [_thread_blocked, id=5332, stack(0x000000001abc0000,0x000000001acc0000)]
  0x0000000019fc3800 JavaThread "JDWP Command Reader" daemon [_thread_in_native, id=5328, stack(0x000000001aac0000,0x000000001abc0000)]
  0x0000000019fbe000 JavaThread "JDWP Event Helper Thread" daemon [_thread_blocked, id=13092, stack(0x000000001a9c0000,0x000000001aac0000)]
=>0x0000000019fb2000 JavaThread "JDWP Transport Listener: dt_socket" daemon [_thread_in_vm, id=5360, stack(0x000000001a8c0000,0x000000001a9c0000)]
  0x0000000019fa9800 JavaThread "Attach Listener" daemon [_thread_blocked, id=5492, stack(0x000000001a480000,0x000000001a580000)]
  0x0000000019fa8800 JavaThread "Signal Dispatcher" daemon [_thread_blocked, id=1948, stack(0x000000001a380000,0x000000001a480000)]
  0x0000000002eca000 JavaThread "Finalizer" daemon [_thread_blocked, id=3516, stack(0x0000000019d90000,0x0000000019e90000)]
  0x0000000002ec3000 JavaThread "Reference Handler" daemon [_thread_blocked, id=1752, stack(0x0000000019c90000,0x0000000019d90000)]

Other Threads:
  0x0000000017e9a000 VMThread [stack: 0x0000000019b90000,0x0000000019c90000] [id=6652]
  0x000000001a087000 WatcherThread [stack: 0x000000001b0c0000,0x000000001b1c0000] [id=5128]

VM state:not at safepoint (normal execution)

VM Mutex/Monitor currently owned by a thread: None

Heap:
 PSYoungGen      total 38400K, used 6369K [0x00000000d5b80000, 0x00000000d8600000, 0x0000000100000000)
  eden space 33280K, 3% used [0x00000000d5b80000,0x00000000d5cb8ca0,0x00000000d7c00000)
  from space 5120K, 99% used [0x00000000d7c00000,0x00000000d80ff760,0x00000000d8100000)
  to   space 5120K, 0% used [0x00000000d8100000,0x00000000d8100000,0x00000000d8600000)
 ParOldGen       total 87552K, used 11689K [0x0000000081200000, 0x0000000086780000, 0x00000000d5b80000)
  object space 87552K, 13% used [0x0000000081200000,0x0000000081d6a570,0x0000000086780000)
 Metaspace       used 16611K, capacity 16858K, committed 17280K, reserved 1064960K
  class space    used 2028K, capacity 2113K, committed 2176K, reserved 1048576K

Card table byte_map: [0x0000000012290000,0x0000000012690000] byte_map_base: 0x0000000011e87000

Marking Bits: (ParMarkBitMap*) 0x0000000077f7f600
 Begin Bits: [0x0000000013140000, 0x00000000150f8000)
 End Bits:   [0x00000000150f8000, 0x00000000170b0000)

Polling page: 0x00000000013a0000

CodeCache: size=245760Kb used=6342Kb max_used=6354Kb free=239417Kb
 bounds [0x0000000002ed0000, 0x0000000003510000, 0x0000000011ed0000]
 total_blobs=2374 nmethods=1820 adapters=473
 compilation: enabled

Compilation events (10 events):
Event: 52.044 Thread 0x0000000019fe2800 1817       1       sun.awt.image.VolatileSurfaceManager::contentsLost (5 bytes)
Event: 52.044 Thread 0x0000000019fe2800 nmethod 1817 0x0000000003504990 code [0x0000000003504ae0, 0x0000000003504bf0]
Event: 53.284 Thread 0x0000000019fe2800 1818       1       java.awt.Container::isFocusCycleRoot (5 bytes)
Event: 53.284 Thread 0x0000000019fe2800 nmethod 1818 0x0000000003504c50 code [0x0000000003504da0, 0x0000000003504eb0]
Event: 53.285 Thread 0x0000000019fe2800 1819       3       java.lang.ref.SoftReference::get (29 bytes)
Event: 53.285 Thread 0x0000000019fe2800 nmethod 1819 0x0000000003504f10 code [0x0000000003505060, 0x0000000003505250]
Event: 254.411 Thread 0x0000000019fd8000 1820       4       java.lang.ref.ReferenceQueue::reallyPoll (66 bytes)
Event: 254.412 Thread 0x0000000019fd8000 nmethod 1820 0x00000000033fe950 code [0x00000000033fea80, 0x00000000033feaf8]
Event: 539.777 Thread 0x0000000019fd2000 1821   !   4       java.lang.ref.ReferenceQueue::remove (125 bytes)
Event: 539.781 Thread 0x0000000019fd2000 nmethod 1821 0x0000000003505fd0 code [0x0000000003506140, 0x00000000035066c8]

GC Heap History (2 events):
Event: 52.088 GC heap before
{Heap before GC invocations=1 (full 0):
 PSYoungGen      total 38400K, used 33280K [0x00000000d5b80000, 0x00000000d8600000, 0x0000000100000000)
  eden space 33280K, 100% used [0x00000000d5b80000,0x00000000d7c00000,0x00000000d7c00000)
  from space 5120K, 0% used [0x00000000d8100000,0x00000000d8100000,0x00000000d8600000)
  to   space 5120K, 0% used [0x00000000d7c00000,0x00000000d7c00000,0x00000000d8100000)
 ParOldGen       total 87552K, used 0K [0x0000000081200000, 0x0000000086780000, 0x00000000d5b80000)
  object space 87552K, 0% used [0x0000000081200000,0x0000000081200000,0x0000000086780000)
 Metaspace       used 16552K, capacity 16794K, committed 17024K, reserved 1064960K
  class space    used 2026K, capacity 2113K, committed 2176K, reserved 1048576K
Event: 52.096 GC heap after
Heap after GC invocations=1 (full 0):
 PSYoungGen      total 38400K, used 5117K [0x00000000d5b80000, 0x00000000d8600000, 0x0000000100000000)
  eden space 33280K, 0% used [0x00000000d5b80000,0x00000000d5b80000,0x00000000d7c00000)
  from space 5120K, 99% used [0x00000000d7c00000,0x00000000d80ff760,0x00000000d8100000)
  to   space 5120K, 0% used [0x00000000d8100000,0x00000000d8100000,0x00000000d8600000)
 ParOldGen       total 87552K, used 11689K [0x0000000081200000, 0x0000000086780000, 0x00000000d5b80000)
  object space 87552K, 13% used [0x0000000081200000,0x0000000081d6a570,0x0000000086780000)
 Metaspace       used 16552K, capacity 16794K, committed 17024K, reserved 1064960K
  class space    used 2026K, capacity 2113K, committed 2176K, reserved 1048576K
}

Deoptimization events (10 events):
Event: 8.786 Thread 0x000000001b6d8800 Uncommon trap: reason=bimorphic action=maybe_recompile pc=0x000000000342ca00 method=java.util.HashMap.putVal(ILjava/lang/Object;Ljava/lang/Object;ZZ)Ljava/lang/Object; @ 91
Event: 8.787 Thread 0x000000001b6d8800 Uncommon trap: reason=bimorphic action=maybe_recompile pc=0x000000000342ca00 method=java.util.HashMap.putVal(ILjava/lang/Object;Ljava/lang/Object;ZZ)Ljava/lang/Object; @ 91
Event: 8.787 Thread 0x000000001b6d8800 Uncommon trap: reason=bimorphic action=maybe_recompile pc=0x000000000342ca00 method=java.util.HashMap.putVal(ILjava/lang/Object;Ljava/lang/Object;ZZ)Ljava/lang/Object; @ 91
Event: 8.787 Thread 0x000000001b6d8800 Uncommon trap: reason=bimorphic action=maybe_recompile pc=0x000000000342ca00 method=java.util.HashMap.putVal(ILjava/lang/Object;Ljava/lang/Object;ZZ)Ljava/lang/Object; @ 91
Event: 8.822 Thread 0x000000001b6d8800 Uncommon trap: reason=unstable_if action=reinterpret pc=0x000000000343c21c method=java.lang.CharacterDataLatin1.isWhitespace(I)Z @ 14
Event: 8.829 Thread 0x000000001b6d8800 Uncommon trap: reason=unstable_if action=reinterpret pc=0x000000000343b6cc method=java.lang.String.trim()Ljava/lang/String; @ 15
Event: 17.318 Thread 0x000000001b6d8800 Uncommon trap: reason=unstable_if action=reinterpret pc=0x00000000033817d0 method=sun.util.calendar.BaseCalendar.getFixedDate(IIILsun/util/calendar/BaseCalendar$Date;)J @ 90
Event: 53.284 Thread 0x000000001b6d8800 Uncommon trap: reason=unstable_if action=reinterpret pc=0x00000000032edb40 method=java.lang.ref.SoftReference.get()Ljava/lang/Object; @ 17
Event: 53.372 Thread 0x000000001b6d8800 Uncommon trap: reason=unstable_if action=reinterpret pc=0x00000000034d20bc method=java.awt.EventQueue.getPriority(Ljava/awt/AWTEvent;)I @ 4
Event: 53.372 Thread 0x000000001b6d8800 Uncommon trap: reason=unstable_if action=reinterpret pc=0x00000000034e7c88 method=java.awt.EventQueue.eventToCacheIndex(Ljava/awt/AWTEvent;)I @ 71

Internal exceptions (10 events):
Event: 0.043 Thread 0x0000000002dd2800 Exception <a 'java/lang/NoSuchMethodError': Method sun.misc.Unsafe.defineClass(Ljava/lang/String;[BII)Ljava/lang/Class; name or signature does not match> (0x00000000d5b930d0) thrown at [C:\re\workspace\8-2-build-windows-amd64-cygwin\jdk8u71\5731\hotspot\srCüÅJ€¶?
Event: 0.043 Thread 0x0000000002dd2800 Exception <a 'java/lang/NoSuchMethodError': Method sun.misc.Unsafe.prefetchRead(Ljava/lang/Object;J)V name or signature does not match> (0x00000000d5b933b8) thrown at [C:\re\workspace\8-2-build-windows-amd64-cygwin\jdk8u71\5731\hotspot\src\share\vm\prims\jÏfc>D–?
Event: 0.254 Thread 0x0000000002dd2800 Exception <a 'java/security/PrivilegedActionException'> (0x00000000d5e39a40) thrown at [C:\re\workspace\8-2-build-windows-amd64-cygwin\jdk8u71\5731\hotspot\src\share\vm\prims\jvm.cpp, line 1386]
Event: 0.254 Thread 0x0000000002dd2800 Exception <a 'java/security/PrivilegedActionException'> (0x00000000d5e39c50) thrown at [C:\re\workspace\8-2-build-windows-amd64-cygwin\jdk8u71\5731\hotspot\src\share\vm\prims\jvm.cpp, line 1386]
Event: 0.255 Thread 0x0000000002dd2800 Exception <a 'java/security/PrivilegedActionException'> (0x00000000d5e3d7f8) thrown at [C:\re\workspace\8-2-build-windows-amd64-cygwin\jdk8u71\5731\hotspot\src\share\vm\prims\jvm.cpp, line 1386]
Event: 0.255 Thread 0x0000000002dd2800 Exception <a 'java/security/PrivilegedActionException'> (0x00000000d5e3da08) thrown at [C:\re\workspace\8-2-build-windows-amd64-cygwin\jdk8u71\5731\hotspot\src\share\vm\prims\jvm.cpp, line 1386]
Event: 0.265 Thread 0x0000000002dd2800 Exception <a 'java/io/FileNotFoundException'> (0x00000000d5e58c28) thrown at [C:\re\workspace\8-2-build-windows-amd64-cygwin\jdk8u71\5731\hotspot\src\share\vm\prims\jni.cpp, line 709]
Event: 0.301 Thread 0x0000000002dd2800 Exception <a 'java/lang/NoSuchFieldError': method resolution failed> (0x00000000d5f26290) thrown at [C:\re\workspace\8-2-build-windows-amd64-cygwin\jdk8u71\5731\hotspot\src\share\vm\prims\methodHandles.cpp, line 1146]
Event: 0.305 Thread 0x0000000002dd2800 Exception <a 'java/lang/NoSuchFieldError': method resolution failed> (0x00000000d5f33660) thrown at [C:\re\workspace\8-2-build-windows-amd64-cygwin\jdk8u71\5731\hotspot\src\share\vm\prims\methodHandles.cpp, line 1146]
Event: 0.380 Thread 0x000000001b6d8800 Exception <a 'java/io/FileNotFoundException'> (0x00000000d6180070) thrown at [C:\re\workspace\8-2-build-windows-amd64-cygwin\jdk8u71\5731\hotspot\src\share\vm\prims\jni.cpp, line 709]

Events (10 events):
Event: 53.360 loading class sun/awt/SunToolkit$1
Event: 53.360 loading class sun/awt/SunToolkit$1 done
Event: 53.372 Thread 0x000000001b6d8800 Uncommon trap: trap_request=0xffffff65 fr.pc=0x00000000034d20bc
Event: 53.372 Thread 0x000000001b6d8800 DEOPT PACKING pc=0x00000000034d20bc sp=0x000000001c25c860
Event: 53.372 Thread 0x000000001b6d8800 DEOPT UNPACKING pc=0x0000000002f1582a sp=0x000000001c25c788 mode 2
Event: 53.372 Thread 0x000000001b6d8800 Uncommon trap: trap_request=0xffffff65 fr.pc=0x00000000034e7c88
Event: 53.372 Thread 0x000000001b6d8800 DEOPT PACKING pc=0x00000000034e7c88 sp=0x000000001c25c6b0
Event: 53.372 Thread 0x000000001b6d8800 DEOPT UNPACKING pc=0x0000000002f1582a sp=0x000000001c25c650 mode 2
Event: 1608.455 Executing VM operation: RedefineClasses
Event: 1608.467 Executing VM operation: RedefineClasses done


Dynamic libraries:
0x00007ff7981d0000 - 0x00007ff798207000 	C:\Program Files\Java\jre1.8.0_71\bin\javaw.exe
0x00007ffd055d0000 - 0x00007ffd057a1000 	C:\WINDOWS\SYSTEM32\ntdll.dll
0x00007ffd04de0000 - 0x00007ffd04e8b000 	C:\WINDOWS\System32\KERNEL32.DLL
0x00007ffd024c0000 - 0x00007ffd026dd000 	C:\WINDOWS\System32\KERNELBASE.dll
0x00007ffd032a0000 - 0x00007ffd03342000 	C:\WINDOWS\System32\ADVAPI32.dll
0x00007ffd051a0000 - 0x00007ffd0523e000 	C:\WINDOWS\System32\msvcrt.dll
0x00007ffd05040000 - 0x00007ffd05099000 	C:\WINDOWS\System32\sechost.dll
0x00007ffd03440000 - 0x00007ffd03561000 	C:\WINDOWS\System32\RPCRT4.dll
0x00007ffd04af0000 - 0x00007ffd04c55000 	C:\WINDOWS\System32\USER32.dll
0x00007ffd026e0000 - 0x00007ffd026fe000 	C:\WINDOWS\System32\win32u.dll
0x00007ffd03360000 - 0x00007ffd03394000 	C:\WINDOWS\System32\GDI32.dll
0x00007ffd02700000 - 0x00007ffd02882000 	C:\WINDOWS\System32\gdi32full.dll
0x00007ffcf95e0000 - 0x00007ffcf985a000 	C:\WINDOWS\WinSxS\amd64_microsoft.windows.common-controls_6595b64144ccf1df_6.0.14393.953_none_42151e83c686086b\COMCTL32.dll
0x00007ffd05300000 - 0x00007ffd055c8000 	C:\WINDOWS\System32\combase.dll
0x00007ffd021a0000 - 0x00007ffd02295000 	C:\WINDOWS\System32\ucrtbase.dll
0x00007ffd022a0000 - 0x00007ffd0230a000 	C:\WINDOWS\System32\bcryptPrimitives.dll
0x00007ffd03410000 - 0x00007ffd0343e000 	C:\WINDOWS\System32\IMM32.DLL
0x0000000050bd0000 - 0x0000000050ca2000 	C:\Program Files\Java\jre1.8.0_71\bin\msvcr100.dll
0x0000000077770000 - 0x0000000077fff000 	C:\Program Files\Java\jre1.8.0_71\bin\server\jvm.dll
0x00007ffd033a0000 - 0x00007ffd033a8000 	C:\WINDOWS\System32\PSAPI.DLL
0x00007ffcffb30000 - 0x00007ffcffb53000 	C:\WINDOWS\SYSTEM32\WINMM.dll
0x00007ffcf4ca0000 - 0x00007ffcf4ca9000 	C:\WINDOWS\SYSTEM32\WSOCK32.dll
0x00007ffcf54d0000 - 0x00007ffcf54da000 	C:\WINDOWS\SYSTEM32\VERSION.dll
0x00007ffd04a80000 - 0x00007ffd04aea000 	C:\WINDOWS\System32\WS2_32.dll
0x00007ffcffb00000 - 0x00007ffcffb2b000 	C:\WINDOWS\SYSTEM32\WINMMBASE.dll
0x00007ffd02310000 - 0x00007ffd02352000 	C:\WINDOWS\System32\cfgmgr32.dll
0x00000000507c0000 - 0x00000000507cf000 	C:\Program Files\Java\jre1.8.0_71\bin\verify.dll
0x0000000050790000 - 0x00000000507b9000 	C:\Program Files\Java\jre1.8.0_71\bin\java.dll
0x0000000050b90000 - 0x0000000050bc5000 	C:\Program Files\Java\jre1.8.0_71\bin\jdwp.dll
0x0000000050b80000 - 0x0000000050b88000 	C:\Program Files\Java\jre1.8.0_71\bin\npt.dll
0x0000000050770000 - 0x0000000050786000 	C:\Program Files\Java\jre1.8.0_71\bin\zip.dll
0x00007ffd03570000 - 0x00007ffd04a79000 	C:\WINDOWS\System32\SHELL32.dll
0x00007ffd01ac0000 - 0x00007ffd0219a000 	C:\WINDOWS\System32\windows.storage.dll
0x00007ffd01a50000 - 0x00007ffd01a9c000 	C:\WINDOWS\System32\powrprof.dll
0x00007ffd033b0000 - 0x00007ffd03402000 	C:\WINDOWS\System32\shlwapi.dll
0x00007ffd01ab0000 - 0x00007ffd01abf000 	C:\WINDOWS\System32\kernel.appcore.dll
0x00007ffd02360000 - 0x00007ffd02409000 	C:\WINDOWS\System32\shcore.dll
0x00007ffd01a30000 - 0x00007ffd01a44000 	C:\WINDOWS\System32\profapi.dll
0x0000000050b70000 - 0x0000000050b79000 	C:\Program Files\Java\jre1.8.0_71\bin\dt_socket.dll
0x00007ffcefd10000 - 0x00007ffcefd26000 	C:\WINDOWS\system32\napinsp.dll
0x00007ffcefd30000 - 0x00007ffcefd4a000 	C:\WINDOWS\system32\pnrpnsp.dll
0x00007ffcff670000 - 0x00007ffcff688000 	C:\WINDOWS\system32\NLAapi.dll
0x00007ffd01360000 - 0x00007ffd013bc000 	C:\WINDOWS\System32\mswsock.dll
0x00007ffd01130000 - 0x00007ffd011d1000 	C:\WINDOWS\SYSTEM32\DNSAPI.dll
0x00007ffd03290000 - 0x00007ffd03298000 	C:\WINDOWS\System32\NSI.dll
0x00007ffd010e0000 - 0x00007ffd01118000 	C:\WINDOWS\SYSTEM32\IPHLPAPI.DLL
0x00007ffcf05d0000 - 0x00007ffcf05de000 	C:\WINDOWS\System32\winrnr.dll
0x00007ffcefd50000 - 0x00007ffcefd65000 	C:\WINDOWS\System32\wshbth.dll
0x00000000522f0000 - 0x0000000052316000 	C:\Program Files\Bonjour\mdnsNSP.dll
0x00007ffcf76a0000 - 0x00007ffcf770a000 	C:\WINDOWS\System32\fwpuclnt.dll
0x00007ffd01610000 - 0x00007ffd0163b000 	C:\WINDOWS\SYSTEM32\bcrypt.dll
0x00007ffcf5af0000 - 0x00007ffcf5afa000 	C:\Windows\System32\rasadhlp.dll
0x00000000509d0000 - 0x0000000050b68000 	C:\Program Files\Java\jre1.8.0_71\bin\awt.dll
0x00007ffd05240000 - 0x00007ffd052ff000 	C:\WINDOWS\System32\OLEAUT32.dll
0x00007ffd02ac0000 - 0x00007ffd02b5c000 	C:\WINDOWS\System32\msvcp_win.dll
0x00007ffcfffd0000 - 0x00007ffd0004a000 	C:\WINDOWS\SYSTEM32\apphelp.dll
0x00007ffd001b0000 - 0x00007ffd00245000 	C:\WINDOWS\system32\uxtheme.dll
0x00007ffd04c80000 - 0x00007ffd04dda000 	C:\WINDOWS\System32\MSCTF.dll
0x00007ffcfed70000 - 0x00007ffcfed96000 	C:\WINDOWS\system32\dwmapi.dll
0x00007ffd04e90000 - 0x00007ffd04fc7000 	C:\WINDOWS\System32\ole32.dll
0x0000000050980000 - 0x00000000509c7000 	C:\Program Files\Java\jre1.8.0_71\bin\fontmanager.dll
0x0000000050750000 - 0x000000005076a000 	C:\Program Files\Java\jre1.8.0_71\bin\net.dll
0x0000000050730000 - 0x0000000050741000 	C:\Program Files\Java\jre1.8.0_71\bin\nio.dll
0x0000000050930000 - 0x0000000050972000 	C:\Program Files\Java\jre1.8.0_71\bin\t2k.dll
0x00007ffd050a0000 - 0x00007ffd0513f000 	C:\WINDOWS\System32\clbcatq.dll
0x00007ffcfe610000 - 0x00007ffcfe7b8000 	C:\WINDOWS\SYSTEM32\WindowsCodecs.dll
0x00007ffcec310000 - 0x00007ffcec359000 	C:\WINDOWS\system32\dataexchange.dll
0x00007ffcff9a0000 - 0x00007ffcffaf1000 	C:\WINDOWS\system32\dcomp.dll
0x00007ffcfeab0000 - 0x00007ffcfed66000 	C:\WINDOWS\system32\d3d11.dll
0x00007ffd009b0000 - 0x00007ffd00a4f000 	C:\WINDOWS\system32\dxgi.dll
0x00007ffd00450000 - 0x00007ffd0056c000 	C:\WINDOWS\system32\twinapi.appcore.dll
0x00007ffcf4190000 - 0x00007ffcf4322000 	C:\WINDOWS\SYSTEM32\dbghelp.dll

VM Arguments:
jvm_args: -agentlib:jdwp=transport=dt_socket,suspend=y,address=localhost:50539 -Dfile.encoding=Cp1251 
java_command: src.StorageStockObservation
java_class_path (initial): C:\Users\Hakan\workspace\SolgarProduction;C:\Users\Hakan\workspace\SolgarProduction\jexcel-api-2.6.8-src\ESIClient.jar;C:\Users\Hakan\workspace\SolgarProduction\jexcel-api-2.6.8-src\java-mail-1.4.4.jar;C:\Users\Hakan\workspace\SolgarProduction\jexcel-api-2.6.8-src\jgoodies-common.jar;C:\Users\Hakan\workspace\SolgarProduction\jexcel-api-2.6.8-src\jgoodies-forms.jar;C:\Users\Hakan\workspace\SolgarProduction\jexcel-api-2.6.8-src\jxl.jar;C:\Users\Hakan\workspace\SolgarProduction\jexcel-api-2.6.8-src\mysql-connector-java-5.1.38-bin.jar;C:\Users\Hakan\workspace\SolgarProduction\jexcel-api-2.6.8-src\xerces-xercesimpl-2.11.jar;C:\Users\Hakan\workspace\SolgarProduction\jexcel-api-2.6.8-src\jcalendar-1.4.jar;C:\Users\Hakan\workspace\SolgarProduction\jexcel-api-2.6.8-src\apache-httpcomponents-httpclient.jar;C:\Users\Hakan\workspace\SolgarProduction\jexcel-api-2.6.8-src\apache-httpcomponents-httpcore.jar;C:\Users\Hakan\workspace\SolgarProduction\jexcel-api-2.6.8-src\commons-codec-1.3.jar;C:\Users\Hakan\workspace\SolgarProduction\jexcel-api-2.6.8-src\commons-fileupload-1.2.2.jar;C:\Users\Hakan\workspace\SolgarProduction\jexcel-api-2.6.8-src\commons-logging-1.1.1.jar;C:\Users\Hakan\workspace\SolgarProduction\jexcel-api-2.6.8-src\commons-net-3.0.1.jar;C:\Users\Hakan\workspace\SolgarProduction\jexcel-api-2.6.8-src\commons-httpclient-3.0.1.jar;C:\Users\Hakan\workspace\SolgarProduction\jexcel-api-2.6.8-src\SMGUtility_classes.jar
Launcher Type: SUN_STANDARD

Environment Variables:
JAVA_HOME=C:\Program Files\Java\jdk1.8.0_71
JRE_HOME=C:\Program Files (x86)\Java
PATH=C:/Program Files/Java/jre1.8.0_71/bin/server;C:/Program Files/Java/jre1.8.0_71/bin;C:/Program Files/Java/jre1.8.0_71/lib/amd64;C:\ProgramData\Oracle\Java\javapath;C:\Program Files (x86)\Intel\iCLS Client\;C:\Program Files\Intel\iCLS Client\;C:\Program Files (x86)\NVIDIA Corporation\PhysX\Common;C:\WINDOWS\system32;C:\WINDOWS;C:\WINDOWS\System32\Wbem;C:\WINDOWS\System32\WindowsPowerShell\v1.0\;C:\Program Files\Intel\Intel(R) Management Engine Components\DAL;C:\Program Files\Intel\Intel(R) Management Engine Components\IPT;C:\Program Files (x86)\Intel\Intel(R) Management Engine Components\DAL;C:\Program Files (x86)\Intel\Intel(R) Management Engine Components\IPT;C:\Program Files\Intel\WiFi\bin\;C:\Program Files\Common Files\Intel\WirelessCommon\;C:\Program Files\Aladdin\eToken\PKIClient\x32;C:\Program Files\Aladdin\eToken\PKIClient\x64\;C:\Program Files\Java\jdk1.8.0_71\bin;%MAVEN_HOME%\bin;C:\Program Files\VDownloader;C:\Program Files (x86)\Skype\Phone\;C:\Users\Hakan\AppData\Local\Microsoft\WindowsApps;;C:\Users\Hakan\eclipse;
USERNAME=Hakan
OS=Windows_NT
PROCESSOR_IDENTIFIER=Intel64 Family 6 Model 60 Stepping 3, GenuineIntel



---------------  S Y S T E M  ---------------

OS: Windows 10.0 , 64 bit Build 14393 (10.0.14393.0)

CPU:total 8 (4 cores per cpu, 2 threads per core) family 6 model 60 stepping 3, cmov, cx8, fxsr, mmx, sse, sse2, sse3, ssse3, sse4.1, sse4.2, popcnt, avx, avx2, aes, clmul, erms, lzcnt, ht, tsc, tscinvbit, bmi1, bmi2

Memory: 4k page, physical 8311064k(4189792k free), swap 9621784k(3629692k free)

vm_info: Java HotSpot(TM) 64-Bit Server VM (25.71-b15) for windows-amd64 JRE (1.8.0_71-b15), built on Dec 22 2015 18:15:55 by "java_re" with MS VC++ 10.0 (VS2010)

time: Sun Mar 26 20:56:40 2017
elapsed time: 1608 seconds (0d 0h 26m 48s)

