#
# A fatal error has been detected by the Java Runtime Environment:
#
#  EXCEPTION_ACCESS_VIOLATION (0xc0000005) at pc=0x0000000077898ad5, pid=2680, tid=9900
#
# JRE version: Java(TM) SE Runtime Environment (8.0_71-b15) (build 1.8.0_71-b15)
# Java VM: Java HotSpot(TM) 64-Bit Server VM (25.71-b15 mixed mode windows-amd64 compressed oops)
# Problematic frame:
# V  [jvm.dll+0x128ad5]
#
# Failed to write core dump. Minidumps are not enabled by default on client versions of Windows
#
# If you would like to submit a bug report, please visit:
#   http://bugreport.java.com/bugreport/crash.jsp
#

---------------  T H R E A D  ---------------

Current thread (0x00000000198b7800):  JavaThread "JDWP Transport Listener: dt_socket" daemon [_thread_in_vm, id=9900, stack(0x0000000019e80000,0x0000000019f80000)]

siginfo: ExceptionCode=0xc0000005, reading address 0xffffffffffffffff

Registers:
RAX=0x0000000019f7f501, RBX=0x00000000198b7800, RCX=0x7463656a624f2f67, RDX=0x0000000000000000
RSP=0x0000000019f7f560, RBP=0x7463656a624f2f67, RSI=0x0000000019f7f678, RDI=0x00000000025b8700
R8 =0x00000000198b7800, R9 =0x0000000000008000, R10=0x0000000000000000, R11=0x000000001b71caf0
R12=0x0000000000000000, R13=0x00000000198b8138, R14=0x0000000000000000, R15=0x0000000000000000
RIP=0x0000000077898ad5, EFLAGS=0x0000000000010202

Top of Stack: (sp=0x0000000019f7f560)
0x0000000019f7f560:   00000000198b7800 00000000198b7800
0x0000000019f7f570:   0000000019f7f628 0000000077a9e34b
0x0000000019f7f580:   00000000198b7800 0000000077ababad
0x0000000019f7f590:   0000000000000000 0000000050ba9155
0x0000000019f7f5a0:   000000001b3af860 0000000050bb291e
0x0000000019f7f5b0:   00000000198b7800 0000000000000000
0x0000000019f7f5c0:   0000000000000000 0000000000000000
0x0000000019f7f5d0:   7463656a624f2f67 0000000050bb1a15
0x0000000019f7f5e0:   0000000019f7f678 0000000019f7f650
0x0000000019f7f5f0:   0000000000000001 000000001b3af860
0x0000000019f7f600:   7463656a624f2f67 0000000050b953b3
0x0000000019f7f610:   0000000019f7f740 0000000000000001
0x0000000019f7f620:   0000000000000001 000000001b3af860
0x0000000019f7f630:   0000000000000009 0000000000000000
0x0000000019f7f640:   0000000000000000 0000000000000000
0x0000000019f7f650:   0000000000000001 0000000050b95571 

Instructions: (pc=0x0000000077898ad5)
0x0000000077898ab5:   cc cc cc cc cc cc cc cc cc cc cc 48 83 ec 28 48
0x0000000077898ac5:   85 c9 75 07 33 c0 48 83 c4 28 c3 48 89 5c 24 20
0x0000000077898ad5:   48 8b 19 48 85 db 74 20 48 83 fb 37 74 1a 48 8b
0x0000000077898ae5:   13 48 8b cb ff 52 10 84 c0 74 0d 48 8b c3 48 8b 


Register to memory mapping:

RAX=0x0000000019f7f501 is pointing into the stack for thread: 0x00000000198b7800
RBX=0x00000000198b7800 is a thread
RCX=0x7463656a624f2f67 is an unknown value
RDX=0x0000000000000000 is an unknown value
RSP=0x0000000019f7f560 is pointing into the stack for thread: 0x00000000198b7800
RBP=0x7463656a624f2f67 is an unknown value
RSI=0x0000000019f7f678 is pointing into the stack for thread: 0x00000000198b7800
RDI=0x00000000025b8700 is an unknown value
R8 =0x00000000198b7800 is a thread
R9 =0x0000000000008000 is an unknown value
R10=0x0000000000000000 is an unknown value
R11=0x000000001b71caf0 is an unknown value
R12=0x0000000000000000 is an unknown value
R13=0x00000000198b8138 is an unknown value
R14=0x0000000000000000 is an unknown value
R15=0x0000000000000000 is an unknown value


Stack: [0x0000000019e80000,0x0000000019f80000],  sp=0x0000000019f7f560,  free space=1021k
Native frames: (J=compiled Java code, j=interpreted, Vv=VM code, C=native code)
V  [jvm.dll+0x128ad5]
V  [jvm.dll+0x34abad]
C  [jdwp.dll+0x21a15]
C  [jdwp.dll+0x53b3]
C  [jdwp.dll+0x5571]
C  [jdwp.dll+0xf0a8]
C  [jdwp.dll+0x1f2d5]
C  [jdwp.dll+0x1f4aa]
V  [jvm.dll+0x1bbb58]
V  [jvm.dll+0x243234]
V  [jvm.dll+0x29a10a]
C  [msvcr100.dll+0x21d9f]
C  [msvcr100.dll+0x21e3b]
C  [KERNEL32.DLL+0x8364]
C  [ntdll.dll+0x670d1]


---------------  P R O C E S S  ---------------

Java Threads: ( => current thread )
  0x000000001b15a000 JavaThread "Abandoned connection cleanup thread" daemon [_thread_blocked, id=4840, stack(0x000000001c950000,0x000000001ca50000)]
  0x000000001b159800 JavaThread "TimerQueue" daemon [_thread_blocked, id=8680, stack(0x000000001c650000,0x000000001c750000)]
  0x00000000026c2800 JavaThread "DestroyJavaVM" [_thread_blocked, id=6384, stack(0x00000000025c0000,0x00000000026c0000)]
  0x000000001b08e000 JavaThread "AWT-EventQueue-0" [_thread_blocked, id=9688, stack(0x000000001bb60000,0x000000001bc60000)]
  0x000000001b088000 JavaThread "AWT-Windows" daemon [_thread_in_native, id=12696, stack(0x000000001b9a0000,0x000000001baa0000)]
  0x000000001b087000 JavaThread "AWT-Shutdown" [_thread_blocked, id=9416, stack(0x000000001b8a0000,0x000000001b9a0000)]
  0x000000001b085800 JavaThread "Java2D Disposer" daemon [_thread_blocked, id=9420, stack(0x000000001b7a0000,0x000000001b8a0000)]
  0x0000000019962800 JavaThread "Service Thread" daemon [_thread_blocked, id=1492, stack(0x000000001a9c0000,0x000000001aac0000)]
  0x00000000198e5800 JavaThread "C1 CompilerThread3" daemon [_thread_blocked, id=508, stack(0x000000001a8c0000,0x000000001a9c0000)]
  0x00000000198db800 JavaThread "C2 CompilerThread2" daemon [_thread_blocked, id=7804, stack(0x000000001a7c0000,0x000000001a8c0000)]
  0x00000000198db000 JavaThread "C2 CompilerThread1" daemon [_thread_blocked, id=9984, stack(0x000000001a6c0000,0x000000001a7c0000)]
  0x00000000198d0800 JavaThread "C2 CompilerThread0" daemon [_thread_blocked, id=3748, stack(0x000000001a5c0000,0x000000001a6c0000)]
  0x00000000198c6000 JavaThread "JDWP Command Reader" daemon [_thread_in_native, id=3304, stack(0x000000001a4c0000,0x000000001a5c0000)]
  0x00000000198c3000 JavaThread "JDWP Event Helper Thread" daemon [_thread_blocked, id=6804, stack(0x000000001a3c0000,0x000000001a4c0000)]
=>0x00000000198b7800 JavaThread "JDWP Transport Listener: dt_socket" daemon [_thread_in_vm, id=9900, stack(0x0000000019e80000,0x0000000019f80000)]
  0x00000000198ab000 JavaThread "Attach Listener" daemon [_thread_blocked, id=4576, stack(0x0000000019d80000,0x0000000019e80000)]
  0x00000000198aa000 JavaThread "Signal Dispatcher" daemon [_thread_blocked, id=3504, stack(0x0000000019c80000,0x0000000019d80000)]
  0x00000000027bb800 JavaThread "Finalizer" daemon [_thread_blocked, id=8724, stack(0x0000000019690000,0x0000000019790000)]
  0x00000000027b5000 JavaThread "Reference Handler" daemon [_thread_blocked, id=1824, stack(0x0000000019590000,0x0000000019690000)]

Other Threads:
  0x000000001778a000 VMThread [stack: 0x0000000019490000,0x0000000019590000] [id=5300]
  0x000000001998e000 WatcherThread [stack: 0x000000001aac0000,0x000000001abc0000] [id=10844]

VM state:not at safepoint (normal execution)

VM Mutex/Monitor currently owned by a thread: None

Heap:
 PSYoungGen      total 38400K, used 23188K [0x00000000d5b80000, 0x00000000d8600000, 0x0000000100000000)
  eden space 33280K, 54% used [0x00000000d5b80000,0x00000000d6d25c70,0x00000000d7c00000)
  from space 5120K, 99% used [0x00000000d8100000,0x00000000d85ff780,0x00000000d8600000)
  to   space 5120K, 0% used [0x00000000d7c00000,0x00000000d7c00000,0x00000000d8100000)
 ParOldGen       total 87552K, used 20855K [0x0000000081200000, 0x0000000086780000, 0x00000000d5b80000)
  object space 87552K, 23% used [0x0000000081200000,0x000000008265de60,0x0000000086780000)
 Metaspace       used 17766K, capacity 18004K, committed 18304K, reserved 1064960K
  class space    used 2062K, capacity 2148K, committed 2176K, reserved 1048576K

Card table byte_map: [0x0000000011b80000,0x0000000011f80000] byte_map_base: 0x0000000011777000

Marking Bits: (ParMarkBitMap*) 0x0000000077f7f600
 Begin Bits: [0x0000000012a30000, 0x00000000149e8000)
 End Bits:   [0x00000000149e8000, 0x00000000169a0000)

Polling page: 0x0000000002430000

CodeCache: size=245760Kb used=9440Kb max_used=9440Kb free=236319Kb
 bounds [0x00000000027c0000, 0x0000000003110000, 0x00000000117c0000]
 total_blobs=3269 nmethods=2707 adapters=480
 compilation: enabled

Compilation events (10 events):
Event: 2347.920 Thread 0x00000000198e5800 3160       1       javax.swing.Timer::isRepeats (5 bytes)
Event: 2347.920 Thread 0x00000000198e5800 nmethod 3160 0x0000000003102050 code [0x00000000031021a0, 0x00000000031022b0]
Event: 2347.920 Thread 0x00000000198e5800 3161       1       javax.swing.Timer::access$100 (5 bytes)
Event: 2347.920 Thread 0x00000000198e5800 nmethod 3161 0x0000000003102310 code [0x0000000003102460, 0x0000000003102550]
Event: 2347.920 Thread 0x00000000198e5800 3162       1       javax.swing.Timer::getActionCommand (5 bytes)
Event: 2347.920 Thread 0x00000000198e5800 nmethod 3162 0x00000000031025d0 code [0x0000000003102720, 0x0000000003102830]
Event: 2347.920 Thread 0x00000000198e5800 3163       1       javax.swing.Timer::access$200 (5 bytes)
Event: 2347.920 Thread 0x00000000198e5800 nmethod 3163 0x0000000003102890 code [0x00000000031029e0, 0x0000000003102ad0]
Event: 2356.159 Thread 0x00000000198e5800 3164   !   3       javax.swing.MenuSelectionManager::defaultManager (80 bytes)
Event: 2356.159 Thread 0x00000000198e5800 nmethod 3164 0x0000000003102b50 code [0x0000000003102d80, 0x0000000003103b98]

GC Heap History (4 events):
Event: 97.131 GC heap before
{Heap before GC invocations=1 (full 0):
 PSYoungGen      total 38400K, used 33280K [0x00000000d5b80000, 0x00000000d8600000, 0x0000000100000000)
  eden space 33280K, 100% used [0x00000000d5b80000,0x00000000d7c00000,0x00000000d7c00000)
  from space 5120K, 0% used [0x00000000d8100000,0x00000000d8100000,0x00000000d8600000)
  to   space 5120K, 0% used [0x00000000d7c00000,0x00000000d7c00000,0x00000000d8100000)
 ParOldGen       total 87552K, used 0K [0x0000000081200000, 0x0000000086780000, 0x00000000d5b80000)
  object space 87552K, 0% used [0x0000000081200000,0x0000000081200000,0x0000000086780000)
 Metaspace       used 16791K, capacity 17050K, committed 17280K, reserved 1064960K
  class space    used 2041K, capacity 2113K, committed 2176K, reserved 1048576K
Event: 97.138 GC heap after
Heap after GC invocations=1 (full 0):
 PSYoungGen      total 38400K, used 5117K [0x00000000d5b80000, 0x00000000d8600000, 0x0000000100000000)
  eden space 33280K, 0% used [0x00000000d5b80000,0x00000000d5b80000,0x00000000d7c00000)
  from space 5120K, 99% used [0x00000000d7c00000,0x00000000d80ff760,0x00000000d8100000)
  to   space 5120K, 0% used [0x00000000d8100000,0x00000000d8100000,0x00000000d8600000)
 ParOldGen       total 87552K, used 11787K [0x0000000081200000, 0x0000000086780000, 0x00000000d5b80000)
  object space 87552K, 13% used [0x0000000081200000,0x0000000081d82e70,0x0000000086780000)
 Metaspace       used 16791K, capacity 17050K, committed 17280K, reserved 1064960K
  class space    used 2041K, capacity 2113K, committed 2176K, reserved 1048576K
}
Event: 2217.918 GC heap before
{Heap before GC invocations=2 (full 0):
 PSYoungGen      total 38400K, used 38397K [0x00000000d5b80000, 0x00000000d8600000, 0x0000000100000000)
  eden space 33280K, 100% used [0x00000000d5b80000,0x00000000d7c00000,0x00000000d7c00000)
  from space 5120K, 99% used [0x00000000d7c00000,0x00000000d80ff760,0x00000000d8100000)
  to   space 5120K, 0% used [0x00000000d8100000,0x00000000d8100000,0x00000000d8600000)
 ParOldGen       total 87552K, used 11787K [0x0000000081200000, 0x0000000086780000, 0x00000000d5b80000)
  object space 87552K, 13% used [0x0000000081200000,0x0000000081d82e70,0x0000000086780000)
 Metaspace       used 17504K, capacity 17748K, committed 18048K, reserved 1064960K
  class space    used 2059K, capacity 2148K, committed 2176K, reserved 1048576K
Event: 2217.926 GC heap after
Heap after GC invocations=2 (full 0):
 PSYoungGen      total 38400K, used 5117K [0x00000000d5b80000, 0x00000000d8600000, 0x0000000100000000)
  eden space 33280K, 0% used [0x00000000d5b80000,0x00000000d5b80000,0x00000000d7c00000)
  from space 5120K, 99% used [0x00000000d8100000,0x00000000d85ff780,0x00000000d8600000)
  to   space 5120K, 0% used [0x00000000d7c00000,0x00000000d7c00000,0x00000000d8100000)
 ParOldGen       total 87552K, used 20855K [0x0000000081200000, 0x0000000086780000, 0x00000000d5b80000)
  object space 87552K, 23% used [0x0000000081200000,0x000000008265de60,0x0000000086780000)
 Metaspace       used 17504K, capacity 17748K, committed 18048K, reserved 1064960K
  class space    used 2059K, capacity 2148K, committed 2176K, reserved 1048576K
}

Deoptimization events (10 events):
Event: 2217.926 Thread 0x000000001b15a000 Uncommon trap: reason=unstable_if action=reinterpret pc=0x00000000030a2f2c method=java.lang.ref.ReferenceQueue.remove(J)Ljava/lang/ref/Reference; @ 70
Event: 2306.409 Thread 0x000000001b08e000 Uncommon trap: reason=unstable_if action=reinterpret pc=0x0000000002cf1df0 method=sun.java2d.SunGraphics2D.checkFontInfo(Lsun/java2d/loops/FontInfo;Ljava/awt/Font;Ljava/awt/font/FontRenderContext;)Lsun/java2d/loops/FontInfo; @ 1
Event: 2306.448 Thread 0x000000001b08e000 Uncommon trap: reason=unstable_if action=reinterpret pc=0x0000000002cdeb70 method=javax.swing.JComponent.processMouseMotionEvent(Ljava/awt/event/MouseEvent;)V @ 37
Event: 2307.339 Thread 0x000000001b08e000 Uncommon trap: reason=bimorphic action=maybe_recompile pc=0x00000000029b5c14 method=java.awt.Component.dispatchEventImpl(Ljava/awt/AWTEvent;)V @ 506
Event: 2307.406 Thread 0x000000001b08e000 Uncommon trap: reason=bimorphic action=maybe_recompile pc=0x00000000029b5c14 method=java.awt.Component.dispatchEventImpl(Ljava/awt/AWTEvent;)V @ 506
Event: 2314.281 Thread 0x000000001b08e000 Uncommon trap: reason=unstable_if action=reinterpret pc=0x0000000002bde9a8 method=sun.java2d.pipe.Region.dimAdd(II)I @ 1
Event: 2356.158 Thread 0x000000001b08e000 Uncommon trap: reason=unstable_if action=reinterpret pc=0x0000000002e86c54 method=java.awt.EventQueue.getPriority(Ljava/awt/AWTEvent;)I @ 4
Event: 2356.158 Thread 0x000000001b08e000 Uncommon trap: reason=unstable_if action=reinterpret pc=0x0000000002dba38c method=java.awt.EventQueue.eventToCacheIndex(Ljava/awt/AWTEvent;)I @ 71
Event: 2356.158 Thread 0x000000001b08e000 Uncommon trap: reason=unstable_if action=reinterpret pc=0x0000000002aa9930 method=java.awt.EventQueue.eventToCacheIndex(Ljava/awt/AWTEvent;)I @ 71
Event: 2356.158 Thread 0x000000001b08e000 Uncommon trap: reason=class_check action=maybe_recompile pc=0x0000000002f50a10 method=java.awt.EventQueue.setCurrentEventAndMostRecentTimeImpl(Ljava/awt/AWTEvent;)V @ 135

Internal exceptions (10 events):
Event: 0.174 Thread 0x00000000026c2800 Exception <a 'java/security/PrivilegedActionException'> (0x00000000d5e39c70) thrown at [C:\re\workspace\8-2-build-windows-amd64-cygwin\jdk8u71\5731\hotspot\src\share\vm\prims\jvm.cpp, line 1386]
Event: 0.175 Thread 0x00000000026c2800 Exception <a 'java/security/PrivilegedActionException'> (0x00000000d5e3d818) thrown at [C:\re\workspace\8-2-build-windows-amd64-cygwin\jdk8u71\5731\hotspot\src\share\vm\prims\jvm.cpp, line 1386]
Event: 0.175 Thread 0x00000000026c2800 Exception <a 'java/security/PrivilegedActionException'> (0x00000000d5e3da28) thrown at [C:\re\workspace\8-2-build-windows-amd64-cygwin\jdk8u71\5731\hotspot\src\share\vm\prims\jvm.cpp, line 1386]
Event: 0.185 Thread 0x00000000026c2800 Exception <a 'java/io/FileNotFoundException'> (0x00000000d5e58c48) thrown at [C:\re\workspace\8-2-build-windows-amd64-cygwin\jdk8u71\5731\hotspot\src\share\vm\prims\jni.cpp, line 709]
Event: 0.219 Thread 0x00000000026c2800 Exception <a 'java/lang/NoSuchFieldError': method resolution failed> (0x00000000d5f26290) thrown at [C:\re\workspace\8-2-build-windows-amd64-cygwin\jdk8u71\5731\hotspot\src\share\vm\prims\methodHandles.cpp, line 1146]
Event: 0.222 Thread 0x00000000026c2800 Exception <a 'java/lang/NoSuchFieldError': method resolution failed> (0x00000000d5f33660) thrown at [C:\re\workspace\8-2-build-windows-amd64-cygwin\jdk8u71\5731\hotspot\src\share\vm\prims\methodHandles.cpp, line 1146]
Event: 0.294 Thread 0x000000001b08e000 Exception <a 'java/io/FileNotFoundException'> (0x00000000d6180078) thrown at [C:\re\workspace\8-2-build-windows-amd64-cygwin\jdk8u71\5731\hotspot\src\share\vm\prims\jni.cpp, line 709]
Event: 44.324 Thread 0x000000001b08e000 Implicit null exception at 0x0000000002bd4ef0 to 0x0000000002bd4f4b
Event: 445.391 Thread 0x000000001b08e000 Implicit null exception at 0x0000000002b6176b to 0x0000000002b633d5
Event: 445.395 Thread 0x000000001b08e000 Implicit null exception at 0x0000000002fee060 to 0x0000000002ff0b0d

Events (10 events):
Event: 2356.158 Thread 0x000000001b08e000 Uncommon trap: trap_request=0xffffff65 fr.pc=0x0000000002aa9930
Event: 2356.158 Thread 0x000000001b08e000 DEOPT PACKING pc=0x0000000002aa9930 sp=0x000000001bc5ef80
Event: 2356.158 Thread 0x000000001b08e000 DEOPT UNPACKING pc=0x000000000280582a sp=0x000000001bc5eeb8 mode 2
Event: 2356.158 Thread 0x000000001b08e000 Uncommon trap: trap_request=0xffffffde fr.pc=0x0000000002f50a10
Event: 2356.158 Thread 0x000000001b08e000 DEOPT PACKING pc=0x0000000002f50a10 sp=0x000000001bc5e410
Event: 2356.158 Thread 0x000000001b08e000 DEOPT UNPACKING pc=0x000000000280582a sp=0x000000001bc5e2c0 mode 2
Event: 2372.354 Executing VM operation: RedefineClasses
Event: 2372.372 Executing VM operation: RedefineClasses done
Event: 2439.241 Executing VM operation: RedefineClasses
Event: 2439.260 Executing VM operation: RedefineClasses done


Dynamic libraries:
0x00007ff7981d0000 - 0x00007ff798207000 	C:\Program Files\Java\jre1.8.0_71\bin\javaw.exe
0x00007ffd055d0000 - 0x00007ffd057a1000 	C:\WINDOWS\SYSTEM32\ntdll.dll
0x00007ffd04de0000 - 0x00007ffd04e8b000 	C:\WINDOWS\System32\KERNEL32.DLL
0x00007ffd024c0000 - 0x00007ffd026dd000 	C:\WINDOWS\System32\KERNELBASE.dll
0x00007ffd032a0000 - 0x00007ffd03342000 	C:\WINDOWS\System32\ADVAPI32.dll
0x00007ffd051a0000 - 0x00007ffd0523e000 	C:\WINDOWS\System32\msvcrt.dll
0x00007ffd05040000 - 0x00007ffd05099000 	C:\WINDOWS\System32\sechost.dll
0x00007ffd03440000 - 0x00007ffd03561000 	C:\WINDOWS\System32\RPCRT4.dll
0x00007ffd04af0000 - 0x00007ffd04c55000 	C:\WINDOWS\System32\USER32.dll
0x00007ffd026e0000 - 0x00007ffd026fe000 	C:\WINDOWS\System32\win32u.dll
0x00007ffd03360000 - 0x00007ffd03394000 	C:\WINDOWS\System32\GDI32.dll
0x00007ffd02700000 - 0x00007ffd02882000 	C:\WINDOWS\System32\gdi32full.dll
0x00007ffcf95e0000 - 0x00007ffcf985a000 	C:\WINDOWS\WinSxS\amd64_microsoft.windows.common-controls_6595b64144ccf1df_6.0.14393.953_none_42151e83c686086b\COMCTL32.dll
0x00007ffd05300000 - 0x00007ffd055c8000 	C:\WINDOWS\System32\combase.dll
0x00007ffd021a0000 - 0x00007ffd02295000 	C:\WINDOWS\System32\ucrtbase.dll
0x00007ffd022a0000 - 0x00007ffd0230a000 	C:\WINDOWS\System32\bcryptPrimitives.dll
0x00007ffd03410000 - 0x00007ffd0343e000 	C:\WINDOWS\System32\IMM32.DLL
0x0000000050bd0000 - 0x0000000050ca2000 	C:\Program Files\Java\jre1.8.0_71\bin\msvcr100.dll
0x0000000077770000 - 0x0000000077fff000 	C:\Program Files\Java\jre1.8.0_71\bin\server\jvm.dll
0x00007ffd033a0000 - 0x00007ffd033a8000 	C:\WINDOWS\System32\PSAPI.DLL
0x00007ffcf4ca0000 - 0x00007ffcf4ca9000 	C:\WINDOWS\SYSTEM32\WSOCK32.dll
0x00007ffcffb30000 - 0x00007ffcffb53000 	C:\WINDOWS\SYSTEM32\WINMM.dll
0x00007ffcf54d0000 - 0x00007ffcf54da000 	C:\WINDOWS\SYSTEM32\VERSION.dll
0x00007ffd04a80000 - 0x00007ffd04aea000 	C:\WINDOWS\System32\WS2_32.dll
0x0000000002490000 - 0x00000000024bb000 	C:\WINDOWS\SYSTEM32\WINMMBASE.dll
0x00007ffd02310000 - 0x00007ffd02352000 	C:\WINDOWS\System32\cfgmgr32.dll
0x00000000507c0000 - 0x00000000507cf000 	C:\Program Files\Java\jre1.8.0_71\bin\verify.dll
0x0000000050790000 - 0x00000000507b9000 	C:\Program Files\Java\jre1.8.0_71\bin\java.dll
0x0000000050b90000 - 0x0000000050bc5000 	C:\Program Files\Java\jre1.8.0_71\bin\jdwp.dll
0x0000000050b80000 - 0x0000000050b88000 	C:\Program Files\Java\jre1.8.0_71\bin\npt.dll
0x0000000050770000 - 0x0000000050786000 	C:\Program Files\Java\jre1.8.0_71\bin\zip.dll
0x00007ffd03570000 - 0x00007ffd04a79000 	C:\WINDOWS\System32\SHELL32.dll
0x00007ffd01ac0000 - 0x00007ffd0219a000 	C:\WINDOWS\System32\windows.storage.dll
0x00007ffd01a50000 - 0x00007ffd01a9c000 	C:\WINDOWS\System32\powrprof.dll
0x00007ffd033b0000 - 0x00007ffd03402000 	C:\WINDOWS\System32\shlwapi.dll
0x00007ffd01ab0000 - 0x00007ffd01abf000 	C:\WINDOWS\System32\kernel.appcore.dll
0x00007ffd02360000 - 0x00007ffd02409000 	C:\WINDOWS\System32\shcore.dll
0x00007ffd01a30000 - 0x00007ffd01a44000 	C:\WINDOWS\System32\profapi.dll
0x0000000050b70000 - 0x0000000050b79000 	C:\Program Files\Java\jre1.8.0_71\bin\dt_socket.dll
0x00007ffcefd10000 - 0x00007ffcefd26000 	C:\WINDOWS\system32\napinsp.dll
0x00007ffcefd30000 - 0x00007ffcefd4a000 	C:\WINDOWS\system32\pnrpnsp.dll
0x00007ffcff670000 - 0x00007ffcff688000 	C:\WINDOWS\system32\NLAapi.dll
0x00007ffd01360000 - 0x00007ffd013bc000 	C:\WINDOWS\System32\mswsock.dll
0x00007ffd01130000 - 0x00007ffd011d1000 	C:\WINDOWS\SYSTEM32\DNSAPI.dll
0x00007ffd03290000 - 0x00007ffd03298000 	C:\WINDOWS\System32\NSI.dll
0x00007ffd010e0000 - 0x00007ffd01118000 	C:\WINDOWS\SYSTEM32\IPHLPAPI.DLL
0x00007ffcf05d0000 - 0x00007ffcf05de000 	C:\WINDOWS\System32\winrnr.dll
0x00007ffcefd50000 - 0x00007ffcefd65000 	C:\WINDOWS\System32\wshbth.dll
0x00000000522f0000 - 0x0000000052316000 	C:\Program Files\Bonjour\mdnsNSP.dll
0x00007ffcf76a0000 - 0x00007ffcf770a000 	C:\WINDOWS\System32\fwpuclnt.dll
0x00007ffd01610000 - 0x00007ffd0163b000 	C:\WINDOWS\SYSTEM32\bcrypt.dll
0x00007ffcf5af0000 - 0x00007ffcf5afa000 	C:\Windows\System32\rasadhlp.dll
0x00000000509d0000 - 0x0000000050b68000 	C:\Program Files\Java\jre1.8.0_71\bin\awt.dll
0x00007ffd05240000 - 0x00007ffd052ff000 	C:\WINDOWS\System32\OLEAUT32.dll
0x00007ffd02ac0000 - 0x00007ffd02b5c000 	C:\WINDOWS\System32\msvcp_win.dll
0x00007ffcfffd0000 - 0x00007ffd0004a000 	C:\WINDOWS\SYSTEM32\apphelp.dll
0x00007ffd001b0000 - 0x00007ffd00245000 	C:\WINDOWS\system32\uxtheme.dll
0x00007ffd04c80000 - 0x00007ffd04dda000 	C:\WINDOWS\System32\MSCTF.dll
0x00007ffcfed70000 - 0x00007ffcfed96000 	C:\WINDOWS\system32\dwmapi.dll
0x00007ffd04e90000 - 0x00007ffd04fc7000 	C:\WINDOWS\System32\ole32.dll
0x0000000050980000 - 0x00000000509c7000 	C:\Program Files\Java\jre1.8.0_71\bin\fontmanager.dll
0x0000000050750000 - 0x000000005076a000 	C:\Program Files\Java\jre1.8.0_71\bin\net.dll
0x0000000050730000 - 0x0000000050741000 	C:\Program Files\Java\jre1.8.0_71\bin\nio.dll
0x0000000050930000 - 0x0000000050972000 	C:\Program Files\Java\jre1.8.0_71\bin\t2k.dll
0x00007ffd050a0000 - 0x00007ffd0513f000 	C:\WINDOWS\System32\clbcatq.dll
0x00007ffcfe610000 - 0x00007ffcfe7b8000 	C:\WINDOWS\SYSTEM32\WindowsCodecs.dll
0x00007ffcec310000 - 0x00007ffcec359000 	C:\WINDOWS\system32\dataexchange.dll
0x00007ffcff9a0000 - 0x00007ffcffaf1000 	C:\WINDOWS\system32\dcomp.dll
0x00007ffcfeab0000 - 0x00007ffcfed66000 	C:\WINDOWS\system32\d3d11.dll
0x00007ffd009b0000 - 0x00007ffd00a4f000 	C:\WINDOWS\system32\dxgi.dll
0x00007ffd00450000 - 0x00007ffd0056c000 	C:\WINDOWS\system32\twinapi.appcore.dll
0x00007ffcf4190000 - 0x00007ffcf4322000 	C:\WINDOWS\SYSTEM32\dbghelp.dll

VM Arguments:
jvm_args: -agentlib:jdwp=transport=dt_socket,suspend=y,address=localhost:51532 -Dfile.encoding=Cp1251 
java_command: src.ExpsManagerialScreen
java_class_path (initial): C:\Users\Hakan\workspace\SolgarProduction;C:\Users\Hakan\workspace\SolgarProduction\jexcel-api-2.6.8-src\ESIClient.jar;C:\Users\Hakan\workspace\SolgarProduction\jexcel-api-2.6.8-src\java-mail-1.4.4.jar;C:\Users\Hakan\workspace\SolgarProduction\jexcel-api-2.6.8-src\jgoodies-common.jar;C:\Users\Hakan\workspace\SolgarProduction\jexcel-api-2.6.8-src\jgoodies-forms.jar;C:\Users\Hakan\workspace\SolgarProduction\jexcel-api-2.6.8-src\jxl.jar;C:\Users\Hakan\workspace\SolgarProduction\jexcel-api-2.6.8-src\mysql-connector-java-5.1.38-bin.jar;C:\Users\Hakan\workspace\SolgarProduction\jexcel-api-2.6.8-src\xerces-xercesimpl-2.11.jar;C:\Users\Hakan\workspace\SolgarProduction\jexcel-api-2.6.8-src\jcalendar-1.4.jar;C:\Users\Hakan\workspace\SolgarProduction\jexcel-api-2.6.8-src\apache-httpcomponents-httpclient.jar;C:\Users\Hakan\workspace\SolgarProduction\jexcel-api-2.6.8-src\apache-httpcomponents-httpcore.jar;C:\Users\Hakan\workspace\SolgarProduction\jexcel-api-2.6.8-src\commons-codec-1.3.jar;C:\Users\Hakan\workspace\SolgarProduction\jexcel-api-2.6.8-src\commons-fileupload-1.2.2.jar;C:\Users\Hakan\workspace\SolgarProduction\jexcel-api-2.6.8-src\commons-logging-1.1.1.jar;C:\Users\Hakan\workspace\SolgarProduction\jexcel-api-2.6.8-src\commons-net-3.0.1.jar;C:\Users\Hakan\workspace\SolgarProduction\jexcel-api-2.6.8-src\commons-httpclient-3.0.1.jar;C:\Users\Hakan\workspace\SolgarProduction\jexcel-api-2.6.8-src\SMGUtility_classes.jar
Launcher Type: SUN_STANDARD

Environment Variables:
JAVA_HOME=C:\Program Files\Java\jdk1.8.0_71
JRE_HOME=C:\Program Files (x86)\Java
PATH=C:/Program Files/Java/jre1.8.0_71/bin/server;C:/Program Files/Java/jre1.8.0_71/bin;C:/Program Files/Java/jre1.8.0_71/lib/amd64;C:\ProgramData\Oracle\Java\javapath;C:\Program Files (x86)\Intel\iCLS Client\;C:\Program Files\Intel\iCLS Client\;C:\Program Files (x86)\NVIDIA Corporation\PhysX\Common;C:\WINDOWS\system32;C:\WINDOWS;C:\WINDOWS\System32\Wbem;C:\WINDOWS\System32\WindowsPowerShell\v1.0\;C:\Program Files\Intel\Intel(R) Management Engine Components\DAL;C:\Program Files\Intel\Intel(R) Management Engine Components\IPT;C:\Program Files (x86)\Intel\Intel(R) Management Engine Components\DAL;C:\Program Files (x86)\Intel\Intel(R) Management Engine Components\IPT;C:\Program Files\Intel\WiFi\bin\;C:\Program Files\Common Files\Intel\WirelessCommon\;C:\Program Files\Aladdin\eToken\PKIClient\x32;C:\Program Files\Aladdin\eToken\PKIClient\x64\;C:\Program Files\Java\jdk1.8.0_71\bin;%MAVEN_HOME%\bin;C:\Program Files\VDownloader;C:\Program Files (x86)\Skype\Phone\;C:\Users\Hakan\AppData\Local\Microsoft\WindowsApps;;C:\Users\Hakan\eclipse;
USERNAME=Hakan
OS=Windows_NT
PROCESSOR_IDENTIFIER=Intel64 Family 6 Model 60 Stepping 3, GenuineIntel



---------------  S Y S T E M  ---------------

OS: Windows 10.0 , 64 bit Build 14393 (10.0.14393.0)

CPU:total 8 (4 cores per cpu, 2 threads per core) family 6 model 60 stepping 3, cmov, cx8, fxsr, mmx, sse, sse2, sse3, ssse3, sse4.1, sse4.2, popcnt, avx, avx2, aes, clmul, erms, lzcnt, ht, tsc, tscinvbit, bmi1, bmi2

Memory: 4k page, physical 8311064k(4830060k free), swap 9621784k(4229104k free)

vm_info: Java HotSpot(TM) 64-Bit Server VM (25.71-b15) for windows-amd64 JRE (1.8.0_71-b15), built on Dec 22 2015 18:15:55 by "java_re" with MS VC++ 10.0 (VS2010)

time: Mon Mar 27 08:16:51 2017
elapsed time: 2439 seconds (0d 0h 40m 39s)

